# JRE version: Java(TM) SE Runtime Environment (12.0.2+10) (build 12.0.2+10)
# Java VM: Java HotSpot(TM) 64-Bit Server VM (12.0.2+10, mixed mode, sharing, tiered, compressed oops, g1 gc, windows-amd64)
Heap:
 garbage-first heap   total 53248K, used 13426K [0x0000000742000000, 0x0000000800000000)
  region size 1024K, 1 young (1024K), 1 survivors (1024K)
 Metaspace       used 10085K, capacity 12653K, committed 12800K, reserved 1060864K
  class space    used 1143K, capacity 1476K, committed 1536K, reserved 1048576K
GC Heap History (10 events):
Event: 1.000 GC heap after
{Heap after GC invocations=16 (full 0):
 garbage-first heap   total 18432K, used 8121K [0x0000000742000000, 0x0000000800000000)
  region size 1024K, 1 young (1024K), 1 survivors (1024K)
 Metaspace       used 8873K, capacity 11464K, committed 11648K, reserved 1058816K
  class space    used 1018K, capacity 1316K, committed 1408K, reserved 1048576K
}
Event: 1.020 GC heap before
{Heap before GC invocations=16 (full 0):
 garbage-first heap   total 18432K, used 11193K [0x0000000742000000, 0x0000000800000000)
  region size 1024K, 4 young (4096K), 1 survivors (1024K)
 Metaspace       used 8880K, capacity 11464K, committed 11648K, reserved 1058816K
  class space    used 1018K, capacity 1316K, committed 1408K, reserved 1048576K
}
Event: 1.023 GC heap after
{Heap after GC invocations=17 (full 0):
 garbage-first heap   total 26624K, used 8722K [0x0000000742000000, 0x0000000800000000)
  region size 1024K, 1 young (1024K), 1 survivors (1024K)
 Metaspace       used 8880K, capacity 11464K, committed 11648K, reserved 1058816K
  class space    used 1018K, capacity 1316K, committed 1408K, reserved 1048576K
}
Event: 1.102 GC heap before
{Heap before GC invocations=17 (full 0):
 garbage-first heap   total 26624K, used 13842K [0x0000000742000000, 0x0000000800000000)
  region size 1024K, 6 young (6144K), 1 survivors (1024K)
 Metaspace       used 8936K, capacity 11547K, committed 11648K, reserved 1058816K
  class space    used 1024K, capacity 1322K, committed 1408K, reserved 1048576K
}
Event: 1.106 GC heap after
{Heap after GC invocations=18 (full 0):
 garbage-first heap   total 26624K, used 9607K [0x0000000742000000, 0x0000000800000000)
  region size 1024K, 1 young (1024K), 1 survivors (1024K)
 Metaspace       used 8936K, capacity 11547K, committed 11648K, reserved 1058816K
  class space    used 1024K, capacity 1322K, committed 1408K, reserved 1048576K
}
Event: 1.203 GC heap before
{Heap before GC invocations=18 (full 0):
 garbage-first heap   total 26624K, used 13703K [0x0000000742000000, 0x0000000800000000)
  region size 1024K, 6 young (6144K), 1 survivors (1024K)
 Metaspace       used 9387K, capacity 12022K, committed 12160K, reserved 1060864K
  class space    used 1069K, capacity 1373K, committed 1408K, reserved 1048576K
}
Event: 1.208 GC heap after
{Heap after GC invocations=19 (full 0):
 garbage-first heap   total 26624K, used 10855K [0x0000000742000000, 0x0000000800000000)
  region size 1024K, 1 young (1024K), 1 survivors (1024K)
 Metaspace       used 9387K, capacity 12022K, committed 12160K, reserved 1060864K
  class space    used 1069K, capacity 1373K, committed 1408K, reserved 1048576K
}
Event: 1.261 GC heap before
{Heap before GC invocations=19 (full 0):
 garbage-first heap   total 26624K, used 16999K [0x0000000742000000, 0x0000000800000000)
  region size 1024K, 6 young (6144K), 1 survivors (1024K)
 Metaspace       used 9504K, capacity 12092K, committed 12160K, reserved 1060864K
  class space    used 1075K, capacity 1375K, committed 1408K, reserved 1048576K
}
Event: 1.265 GC heap after
{Heap after GC invocations=20 (full 0):
 garbage-first heap   total 26624K, used 12927K [0x0000000742000000, 0x0000000800000000)
  region size 1024K, 1 young (1024K), 1 survivors (1024K)
 Metaspace       used 9504K, capacity 12092K, committed 12160K, reserved 1060864K
  class space    used 1075K, capacity 1375K, committed 1408K, reserved 1048576K
}
Event: 1.444 GC heap before
{Heap before GC invocations=20 (full 0):
 garbage-first heap   total 26624K, used 17023K [0x0000000742000000, 0x0000000800000000)
  region size 1024K, 5 young (5120K), 1 survivors (1024K)
 Metaspace       used 10085K, capacity 12653K, committed 12800K, reserved 1060864K
  class space    used 1143K, capacity 1476K, committed 1536K, reserved 1048576K
}

