# JRE version: Java(TM) SE Runtime Environment (12.0.2+10) (build 12.0.2+10)
# Java VM: Java HotSpot(TM) 64-Bit Server VM (12.0.2+10, mixed mode, sharing, tiered, compressed oops, g1 gc, windows-amd64)
Heap:
 garbage-first heap   total 27648K, used 8656K [0x0000000742000000, 0x0000000800000000)
  region size 1024K, 1 young (1024K), 1 survivors (1024K)
 Metaspace       used 8887K, capacity 11463K, committed 11648K, reserved 1058816K
  class space    used 1016K, capacity 1316K, committed 1408K, reserved 1048576K
GC Heap History (10 events):
Event: 0.896 GC heap after
{Heap after GC invocations=12 (full 0):
 garbage-first heap   total 14336K, used 6050K [0x0000000742000000, 0x0000000800000000)
  region size 1024K, 1 young (1024K), 1 survivors (1024K)
 Metaspace       used 8806K, capacity 11456K, committed 11648K, reserved 1058816K
  class space    used 1016K, capacity 1315K, committed 1408K, reserved 1048576K
}
Event: 0.906 GC heap before
{Heap before GC invocations=12 (full 0):
 garbage-first heap   total 14336K, used 8098K [0x0000000742000000, 0x0000000800000000)
  region size 1024K, 3 young (3072K), 1 survivors (1024K)
 Metaspace       used 8821K, capacity 11459K, committed 11648K, reserved 1058816K
  class space    used 1016K, capacity 1315K, committed 1408K, reserved 1048576K
}
Event: 0.908 GC heap after
{Heap after GC invocations=13 (full 0):
 garbage-first heap   total 17408K, used 6335K [0x0000000742000000, 0x0000000800000000)
  region size 1024K, 1 young (1024K), 1 survivors (1024K)
 Metaspace       used 8821K, capacity 11459K, committed 11648K, reserved 1058816K
  class space    used 1016K, capacity 1315K, committed 1408K, reserved 1048576K
}
Event: 0.947 GC heap before
{Heap before GC invocations=13 (full 0):
 garbage-first heap   total 17408K, used 9407K [0x0000000742000000, 0x0000000800000000)
  region size 1024K, 4 young (4096K), 1 survivors (1024K)
 Metaspace       used 8883K, capacity 11463K, committed 11648K, reserved 1058816K
  class space    used 1016K, capacity 1316K, committed 1408K, reserved 1048576K
}
Event: 0.950 GC heap after
{Heap after GC invocations=14 (full 0):
 garbage-first heap   total 17408K, used 7110K [0x0000000742000000, 0x0000000800000000)
  region size 1024K, 1 young (1024K), 1 survivors (1024K)
 Metaspace       used 8883K, capacity 11463K, committed 11648K, reserved 1058816K
  class space    used 1016K, capacity 1316K, committed 1408K, reserved 1048576K
}
Event: 0.959 GC heap before
{Heap before GC invocations=14 (full 0):
 garbage-first heap   total 17408K, used 10182K [0x0000000742000000, 0x0000000800000000)
  region size 1024K, 4 young (4096K), 1 survivors (1024K)
 Metaspace       used 8883K, capacity 11463K, committed 11648K, reserved 1058816K
  class space    used 1016K, capacity 1316K, committed 1408K, reserved 1048576K
}
Event: 0.962 GC heap after
{Heap after GC invocations=15 (full 0):
 garbage-first heap   total 17408K, used 7615K [0x0000000742000000, 0x0000000800000000)
  region size 1024K, 1 young (1024K), 1 survivors (1024K)
 Metaspace       used 8883K, capacity 11463K, committed 11648K, reserved 1058816K
  class space    used 1016K, capacity 1316K, committed 1408K, reserved 1048576K
}
Event: 0.973 GC heap before
{Heap before GC invocations=15 (full 0):
 garbage-first heap   total 17408K, used 10687K [0x0000000742000000, 0x0000000800000000)
  region size 1024K, 4 young (4096K), 1 survivors (1024K)
 Metaspace       used 8883K, capacity 11463K, committed 11648K, reserved 1058816K
  class space    used 1016K, capacity 1316K, committed 1408K, reserved 1048576K
}
Event: 0.975 GC heap after
{Heap after GC invocations=16 (full 0):
 garbage-first heap   total 17408K, used 8138K [0x0000000742000000, 0x0000000800000000)
  region size 1024K, 1 young (1024K), 1 survivors (1024K)
 Metaspace       used 8883K, capacity 11463K, committed 11648K, reserved 1058816K
  class space    used 1016K, capacity 1316K, committed 1408K, reserved 1048576K
}
Event: 0.995 GC heap before
{Heap before GC invocations=16 (full 0):
 garbage-first heap   total 17408K, used 11210K [0x0000000742000000, 0x0000000800000000)
  region size 1024K, 4 young (4096K), 1 survivors (1024K)
 Metaspace       used 8887K, capacity 11463K, committed 11648K, reserved 1058816K
  class space    used 1016K, capacity 1316K, committed 1408K, reserved 1048576K
}

