# JRE version: Java(TM) SE Runtime Environment (12.0.2+10) (build 12.0.2+10)
# Java VM: Java HotSpot(TM) 64-Bit Server VM (12.0.2+10, mixed mode, sharing, tiered, compressed oops, g1 gc, windows-amd64)
Heap:
 garbage-first heap   total 57344K, used 15132K [0x0000000742000000, 0x0000000800000000)
  region size 1024K, 3 young (3072K), 1 survivors (1024K)
 Metaspace       used 10684K, capacity 13209K, committed 13312K, reserved 1060864K
  class space    used 1188K, capacity 1511K, committed 1536K, reserved 1048576K
GC Heap History (10 events):
Event: 1.054 GC heap before
{Heap before GC invocations=19 (full 0):
 garbage-first heap   total 17408K, used 10431K [0x0000000742000000, 0x0000000800000000)
  region size 1024K, 4 young (4096K), 1 survivors (1024K)
 Metaspace       used 8867K, capacity 11464K, committed 11648K, reserved 1058816K
  class space    used 1016K, capacity 1316K, committed 1408K, reserved 1048576K
}
Event: 1.056 GC heap after
{Heap after GC invocations=20 (full 0):
 garbage-first heap   total 28672K, used 8166K [0x0000000742000000, 0x0000000800000000)
  region size 1024K, 1 young (1024K), 1 survivors (1024K)
 Metaspace       used 8867K, capacity 11464K, committed 11648K, reserved 1058816K
  class space    used 1016K, capacity 1316K, committed 1408K, reserved 1048576K
}
Event: 1.156 GC heap before
{Heap before GC invocations=20 (full 0):
 garbage-first heap   total 28672K, used 15334K [0x0000000742000000, 0x0000000800000000)
  region size 1024K, 8 young (8192K), 1 survivors (1024K)
 Metaspace       used 8922K, capacity 11483K, committed 11648K, reserved 1058816K
  class space    used 1021K, capacity 1322K, committed 1408K, reserved 1048576K
}
Event: 1.160 GC heap after
{Heap after GC invocations=21 (full 0):
 garbage-first heap   total 28672K, used 9371K [0x0000000742000000, 0x0000000800000000)
  region size 1024K, 1 young (1024K), 1 survivors (1024K)
 Metaspace       used 8922K, capacity 11483K, committed 11648K, reserved 1058816K
  class space    used 1021K, capacity 1322K, committed 1408K, reserved 1048576K
}
Event: 1.373 GC heap before
{Heap before GC invocations=21 (full 0):
 garbage-first heap   total 28672K, used 15515K [0x0000000742000000, 0x0000000800000000)
  region size 1024K, 8 young (8192K), 1 survivors (1024K)
 Metaspace       used 9458K, capacity 12028K, committed 12160K, reserved 1060864K
  class space    used 1072K, capacity 1375K, committed 1408K, reserved 1048576K
}
Event: 1.380 GC heap after
{Heap after GC invocations=22 (full 0):
 garbage-first heap   total 28672K, used 11120K [0x0000000742000000, 0x0000000800000000)
  region size 1024K, 1 young (1024K), 1 survivors (1024K)
 Metaspace       used 9458K, capacity 12028K, committed 12160K, reserved 1060864K
  class space    used 1072K, capacity 1375K, committed 1408K, reserved 1048576K
}
Event: 1.614 GC heap before
{Heap before GC invocations=22 (full 0):
 garbage-first heap   total 28672K, used 18288K [0x0000000742000000, 0x0000000800000000)
  region size 1024K, 7 young (7168K), 1 survivors (1024K)
 Metaspace       used 10003K, capacity 12587K, committed 12800K, reserved 1060864K
  class space    used 1140K, capacity 1476K, committed 1536K, reserved 1048576K
}
Event: 1.619 GC heap after
{Heap after GC invocations=23 (full 0):
 garbage-first heap   total 28672K, used 13120K [0x0000000742000000, 0x0000000800000000)
  region size 1024K, 1 young (1024K), 1 survivors (1024K)
 Metaspace       used 10003K, capacity 12587K, committed 12800K, reserved 1060864K
  class space    used 1140K, capacity 1476K, committed 1536K, reserved 1048576K
}
Event: 1.763 GC heap before
{Heap before GC invocations=23 (full 0):
 garbage-first heap   total 28672K, used 19264K [0x0000000742000000, 0x0000000800000000)
  region size 1024K, 7 young (7168K), 1 survivors (1024K)
 Metaspace       used 10423K, capacity 12982K, committed 13056K, reserved 1060864K
  class space    used 1163K, capacity 1478K, committed 1536K, reserved 1048576K
}
Event: 1.768 GC heap after
{Heap after GC invocations=24 (full 0):
 garbage-first heap   total 57344K, used 14108K [0x0000000742000000, 0x0000000800000000)
  region size 1024K, 1 young (1024K), 1 survivors (1024K)
 Metaspace       used 10423K, capacity 12982K, committed 13056K, reserved 1060864K
  class space    used 1163K, capacity 1478K, committed 1536K, reserved 1048576K
}

