# JRE version: Java(TM) SE Runtime Environment (12.0.2+10) (build 12.0.2+10)
# Java VM: Java HotSpot(TM) 64-Bit Server VM (12.0.2+10, mixed mode, sharing, tiered, compressed oops, g1 gc, windows-amd64)
Heap:
 garbage-first heap   total 31744K, used 14868K [0x0000000742000000, 0x0000000800000000)
  region size 1024K, 4 young (4096K), 1 survivors (1024K)
 Metaspace       used 10445K, capacity 12980K, committed 13056K, reserved 1060864K
  class space    used 1162K, capacity 1477K, committed 1536K, reserved 1048576K
GC Heap History (10 events):
Event: 1.228 GC heap before
{Heap before GC invocations=19 (full 0):
 garbage-first heap   total 18432K, used 10392K [0x0000000742000000, 0x0000000800000000)
  region size 1024K, 4 young (4096K), 1 survivors (1024K)
 Metaspace       used 8869K, capacity 11468K, committed 11648K, reserved 1058816K
  class space    used 1017K, capacity 1317K, committed 1408K, reserved 1048576K
}
Event: 1.230 GC heap after
{Heap after GC invocations=20 (full 0):
 garbage-first heap   total 18432K, used 7662K [0x0000000742000000, 0x0000000800000000)
  region size 1024K, 1 young (1024K), 1 survivors (1024K)
 Metaspace       used 8869K, capacity 11468K, committed 11648K, reserved 1058816K
  class space    used 1017K, capacity 1317K, committed 1408K, reserved 1048576K
}
Event: 1.258 GC heap before
{Heap before GC invocations=20 (full 0):
 garbage-first heap   total 18432K, used 10734K [0x0000000742000000, 0x0000000800000000)
  region size 1024K, 4 young (4096K), 1 survivors (1024K)
 Metaspace       used 8888K, capacity 11468K, committed 11648K, reserved 1058816K
  class space    used 1017K, capacity 1317K, committed 1408K, reserved 1048576K
}
Event: 1.260 GC heap after
{Heap after GC invocations=21 (full 0):
 garbage-first heap   total 31744K, used 8520K [0x0000000742000000, 0x0000000800000000)
  region size 1024K, 1 young (1024K), 1 survivors (1024K)
 Metaspace       used 8888K, capacity 11468K, committed 11648K, reserved 1058816K
  class space    used 1017K, capacity 1317K, committed 1408K, reserved 1048576K
}
Event: 1.318 GC heap before
{Heap before GC invocations=21 (full 0):
 garbage-first heap   total 31744K, used 13640K [0x0000000742000000, 0x0000000800000000)
  region size 1024K, 7 young (7168K), 1 survivors (1024K)
 Metaspace       used 8932K, capacity 11547K, committed 11648K, reserved 1058816K
  class space    used 1021K, capacity 1322K, committed 1408K, reserved 1048576K
}
Event: 1.321 GC heap after
{Heap after GC invocations=22 (full 0):
 garbage-first heap   total 31744K, used 9279K [0x0000000742000000, 0x0000000800000000)
  region size 1024K, 1 young (1024K), 1 survivors (1024K)
 Metaspace       used 8932K, capacity 11547K, committed 11648K, reserved 1058816K
  class space    used 1021K, capacity 1322K, committed 1408K, reserved 1048576K
}
Event: 1.515 GC heap before
{Heap before GC invocations=22 (full 0):
 garbage-first heap   total 31744K, used 16447K [0x0000000742000000, 0x0000000800000000)
  region size 1024K, 8 young (8192K), 1 survivors (1024K)
 Metaspace       used 9541K, capacity 12095K, committed 12160K, reserved 1060864K
  class space    used 1072K, capacity 1375K, committed 1408K, reserved 1048576K
}
Event: 1.521 GC heap after
{Heap after GC invocations=23 (full 0):
 garbage-first heap   total 31744K, used 10845K [0x0000000742000000, 0x0000000800000000)
  region size 1024K, 1 young (1024K), 1 survivors (1024K)
 Metaspace       used 9541K, capacity 12095K, committed 12160K, reserved 1060864K
  class space    used 1072K, capacity 1375K, committed 1408K, reserved 1048576K
}
Event: 1.837 GC heap before
{Heap before GC invocations=23 (full 0):
 garbage-first heap   total 31744K, used 19037K [0x0000000742000000, 0x0000000800000000)
  region size 1024K, 8 young (8192K), 1 survivors (1024K)
 Metaspace       used 10146K, capacity 12720K, committed 12800K, reserved 1060864K
  class space    used 1140K, capacity 1476K, committed 1536K, reserved 1048576K
}
Event: 1.842 GC heap after
{Heap after GC invocations=24 (full 0):
 garbage-first heap   total 31744K, used 12820K [0x0000000742000000, 0x0000000800000000)
  region size 1024K, 1 young (1024K), 1 survivors (1024K)
 Metaspace       used 10146K, capacity 12720K, committed 12800K, reserved 1060864K
  class space    used 1140K, capacity 1476K, committed 1536K, reserved 1048576K
}

