# JRE version: Java(TM) SE Runtime Environment (12.0.2+10) (build 12.0.2+10)
# Java VM: Java HotSpot(TM) 64-Bit Server VM (12.0.2+10, mixed mode, sharing, tiered, compressed oops, g1 gc, windows-amd64)
Heap:
 garbage-first heap   total 26624K, used 15566K [0x0000000742000000, 0x0000000800000000)
  region size 1024K, 5 young (5120K), 1 survivors (1024K)
 Metaspace       used 9700K, capacity 12272K, committed 12416K, reserved 1060864K
  class space    used 1086K, capacity 1391K, committed 1408K, reserved 1048576K
GC Heap History (10 events):
Event: 1.582 GC heap before
{Heap before GC invocations=12 (full 0):
 garbage-first heap   total 20480K, used 11140K [0x0000000742000000, 0x0000000800000000)
  region size 1024K, 5 young (5120K), 1 survivors (1024K)
 Metaspace       used 8877K, capacity 11464K, committed 11648K, reserved 1058816K
  class space    used 1015K, capacity 1316K, committed 1408K, reserved 1048576K
}
Event: 1.585 GC heap after
{Heap after GC invocations=13 (full 0):
 garbage-first heap   total 20480K, used 7592K [0x0000000742000000, 0x0000000800000000)
  region size 1024K, 1 young (1024K), 1 survivors (1024K)
 Metaspace       used 8877K, capacity 11464K, committed 11648K, reserved 1058816K
  class space    used 1015K, capacity 1316K, committed 1408K, reserved 1048576K
}
Event: 1.633 GC heap before
{Heap before GC invocations=13 (full 0):
 garbage-first heap   total 20480K, used 11688K [0x0000000742000000, 0x0000000800000000)
  region size 1024K, 5 young (5120K), 1 survivors (1024K)
 Metaspace       used 8889K, capacity 11464K, committed 11648K, reserved 1058816K
  class space    used 1015K, capacity 1316K, committed 1408K, reserved 1048576K
}
Event: 1.636 GC heap after
{Heap after GC invocations=14 (full 0):
 garbage-first heap   total 20480K, used 8451K [0x0000000742000000, 0x0000000800000000)
  region size 1024K, 1 young (1024K), 1 survivors (1024K)
 Metaspace       used 8889K, capacity 11464K, committed 11648K, reserved 1058816K
  class space    used 1015K, capacity 1316K, committed 1408K, reserved 1048576K
}
Event: 1.656 GC heap before
{Heap before GC invocations=14 (full 0):
 garbage-first heap   total 20480K, used 12547K [0x0000000742000000, 0x0000000800000000)
  region size 1024K, 5 young (5120K), 1 survivors (1024K)
 Metaspace       used 8892K, capacity 11464K, committed 11648K, reserved 1058816K
  class space    used 1015K, capacity 1316K, committed 1408K, reserved 1048576K
}
Event: 1.659 GC heap after
{Heap after GC invocations=15 (full 0):
 garbage-first heap   total 26624K, used 9129K [0x0000000742000000, 0x0000000800000000)
  region size 1024K, 1 young (1024K), 1 survivors (1024K)
 Metaspace       used 8892K, capacity 11464K, committed 11648K, reserved 1058816K
  class space    used 1015K, capacity 1316K, committed 1408K, reserved 1048576K
}
Event: 1.761 GC heap before
{Heap before GC invocations=15 (full 0):
 garbage-first heap   total 26624K, used 13225K [0x0000000742000000, 0x0000000800000000)
  region size 1024K, 6 young (6144K), 1 survivors (1024K)
 Metaspace       used 9055K, capacity 11639K, committed 11904K, reserved 1060864K
  class space    used 1029K, capacity 1331K, committed 1408K, reserved 1048576K
}
Event: 1.766 GC heap after
{Heap after GC invocations=16 (full 0):
 garbage-first heap   total 26624K, used 10436K [0x0000000742000000, 0x0000000800000000)
  region size 1024K, 1 young (1024K), 1 survivors (1024K)
 Metaspace       used 9055K, capacity 11639K, committed 11904K, reserved 1060864K
  class space    used 1029K, capacity 1331K, committed 1408K, reserved 1048576K
}
Event: 1.877 GC heap before
{Heap before GC invocations=16 (full 0):
 garbage-first heap   total 26624K, used 15556K [0x0000000742000000, 0x0000000800000000)
  region size 1024K, 6 young (6144K), 1 survivors (1024K)
 Metaspace       used 9497K, capacity 12091K, committed 12160K, reserved 1060864K
  class space    used 1071K, capacity 1375K, committed 1408K, reserved 1048576K
}
Event: 1.881 GC heap after
{Heap after GC invocations=17 (full 0):
 garbage-first heap   total 26624K, used 11470K [0x0000000742000000, 0x0000000800000000)
  region size 1024K, 1 young (1024K), 1 survivors (1024K)
 Metaspace       used 9497K, capacity 12091K, committed 12160K, reserved 1060864K
  class space    used 1071K, capacity 1375K, committed 1408K, reserved 1048576K
}

