# JRE version: Java(TM) SE Runtime Environment (12.0.2+10) (build 12.0.2+10)
# Java VM: Java HotSpot(TM) 64-Bit Server VM (12.0.2+10, mixed mode, sharing, tiered, compressed oops, g1 gc, windows-amd64)
Heap:
 garbage-first heap   total 31744K, used 16360K [0x0000000742000000, 0x0000000800000000)
  region size 1024K, 5 young (5120K), 1 survivors (1024K)
 Metaspace       used 10497K, capacity 13057K, committed 13312K, reserved 1060864K
  class space    used 1148K, capacity 1458K, committed 1536K, reserved 1048576K
GC Heap History (10 events):
Event: 1.172 GC heap before
{Heap before GC invocations=18 (full 0):
 garbage-first heap   total 18432K, used 10804K [0x0000000742000000, 0x0000000800000000)
  region size 1024K, 4 young (4096K), 1 survivors (1024K)
 Metaspace       used 8898K, capacity 11464K, committed 11648K, reserved 1058816K
  class space    used 1017K, capacity 1316K, committed 1408K, reserved 1048576K
}
Event: 1.175 GC heap after
{Heap after GC invocations=19 (full 0):
 garbage-first heap   total 18432K, used 8151K [0x0000000742000000, 0x0000000800000000)
  region size 1024K, 1 young (1024K), 1 survivors (1024K)
 Metaspace       used 8898K, capacity 11464K, committed 11648K, reserved 1058816K
  class space    used 1017K, capacity 1316K, committed 1408K, reserved 1048576K
}
Event: 1.191 GC heap before
{Heap before GC invocations=19 (full 0):
 garbage-first heap   total 18432K, used 11223K [0x0000000742000000, 0x0000000800000000)
  region size 1024K, 4 young (4096K), 1 survivors (1024K)
 Metaspace       used 8899K, capacity 11464K, committed 11648K, reserved 1058816K
  class space    used 1017K, capacity 1316K, committed 1408K, reserved 1048576K
}
Event: 1.193 GC heap after
{Heap after GC invocations=20 (full 0):
 garbage-first heap   total 31744K, used 8672K [0x0000000742000000, 0x0000000800000000)
  region size 1024K, 1 young (1024K), 1 survivors (1024K)
 Metaspace       used 8899K, capacity 11464K, committed 11648K, reserved 1058816K
  class space    used 1017K, capacity 1316K, committed 1408K, reserved 1048576K
}
Event: 1.237 GC heap before
{Heap before GC invocations=20 (full 0):
 garbage-first heap   total 31744K, used 15840K [0x0000000742000000, 0x0000000800000000)
  region size 1024K, 8 young (8192K), 1 survivors (1024K)
 Metaspace       used 8911K, capacity 11464K, committed 11648K, reserved 1058816K
  class space    used 1017K, capacity 1316K, committed 1408K, reserved 1048576K
}
Event: 1.241 GC heap after
{Heap after GC invocations=21 (full 0):
 garbage-first heap   total 31744K, used 9804K [0x0000000742000000, 0x0000000800000000)
  region size 1024K, 1 young (1024K), 1 survivors (1024K)
 Metaspace       used 8911K, capacity 11464K, committed 11648K, reserved 1058816K
  class space    used 1017K, capacity 1316K, committed 1408K, reserved 1048576K
}
Event: 1.401 GC heap before
{Heap before GC invocations=21 (full 0):
 garbage-first heap   total 31744K, used 16972K [0x0000000742000000, 0x0000000800000000)
  region size 1024K, 8 young (8192K), 1 survivors (1024K)
 Metaspace       used 9439K, capacity 12023K, committed 12160K, reserved 1060864K
  class space    used 1072K, capacity 1372K, committed 1408K, reserved 1048576K
}
Event: 1.407 GC heap after
{Heap after GC invocations=22 (full 0):
 garbage-first heap   total 31744K, used 11114K [0x0000000742000000, 0x0000000800000000)
  region size 1024K, 1 young (1024K), 1 survivors (1024K)
 Metaspace       used 9439K, capacity 12023K, committed 12160K, reserved 1060864K
  class space    used 1072K, capacity 1372K, committed 1408K, reserved 1048576K
}
Event: 1.626 GC heap before
{Heap before GC invocations=22 (full 0):
 garbage-first heap   total 31744K, used 19306K [0x0000000742000000, 0x0000000800000000)
  region size 1024K, 8 young (8192K), 1 survivors (1024K)
 Metaspace       used 9845K, capacity 12441K, committed 12800K, reserved 1060864K
  class space    used 1093K, capacity 1424K, committed 1536K, reserved 1048576K
}
Event: 1.632 GC heap after
{Heap after GC invocations=23 (full 0):
 garbage-first heap   total 31744K, used 13288K [0x0000000742000000, 0x0000000800000000)
  region size 1024K, 1 young (1024K), 1 survivors (1024K)
 Metaspace       used 9845K, capacity 12441K, committed 12800K, reserved 1060864K
  class space    used 1093K, capacity 1424K, committed 1536K, reserved 1048576K
}

