# JRE version: Java(TM) SE Runtime Environment (12.0.2+10) (build 12.0.2+10)
# Java VM: Java HotSpot(TM) 64-Bit Server VM (12.0.2+10, mixed mode, sharing, tiered, compressed oops, g1 gc, windows-amd64)
Heap:
 garbage-first heap   total 194560K, used 27156K [0x0000000742000000, 0x0000000800000000)
  region size 1024K, 6 young (6144K), 4 survivors (4096K)
 Metaspace       used 19650K, capacity 20202K, committed 20480K, reserved 1067008K
  class space    used 2240K, capacity 2443K, committed 2560K, reserved 1048576K
GC Heap History (6 events):
Event: 8.207 GC heap before
{Heap before GC invocations=0 (full 0):
 garbage-first heap   total 194560K, used 20480K [0x0000000742000000, 0x0000000800000000)
  region size 1024K, 14 young (14336K), 0 survivors (0K)
 Metaspace       used 11212K, capacity 11517K, committed 11776K, reserved 1058816K
  class space    used 1318K, capacity 1461K, committed 1536K, reserved 1048576K
}
Event: 8.213 GC heap after
{Heap after GC invocations=1 (full 0):
 garbage-first heap   total 194560K, used 10919K [0x0000000742000000, 0x0000000800000000)
  region size 1024K, 2 young (2048K), 2 survivors (2048K)
 Metaspace       used 11212K, capacity 11517K, committed 11776K, reserved 1058816K
  class space    used 1318K, capacity 1461K, committed 1536K, reserved 1048576K
}
Event: 8.538 GC heap before
{Heap before GC invocations=1 (full 0):
 garbage-first heap   total 194560K, used 18087K [0x0000000742000000, 0x0000000800000000)
  region size 1024K, 9 young (9216K), 2 survivors (2048K)
 Metaspace       used 13549K, capacity 13973K, committed 14080K, reserved 1060864K
  class space    used 1549K, capacity 1730K, committed 1792K, reserved 1048576K
}
Event: 8.542 GC heap after
{Heap after GC invocations=2 (full 0):
 garbage-first heap   total 194560K, used 11585K [0x0000000742000000, 0x0000000800000000)
  region size 1024K, 1 young (1024K), 1 survivors (1024K)
 Metaspace       used 13549K, capacity 13973K, committed 14080K, reserved 1060864K
  class space    used 1549K, capacity 1730K, committed 1792K, reserved 1048576K
}
Event: 9.811 GC heap before
{Heap before GC invocations=2 (full 0):
 garbage-first heap   total 194560K, used 45377K [0x0000000742000000, 0x0000000800000000)
  region size 1024K, 25 young (25600K), 1 survivors (1024K)
 Metaspace       used 19648K, capacity 20202K, committed 20480K, reserved 1067008K
  class space    used 2240K, capacity 2443K, committed 2560K, reserved 1048576K
}
Event: 9.814 GC heap after
{Heap after GC invocations=3 (full 0):
 garbage-first heap   total 194560K, used 26132K [0x0000000742000000, 0x0000000800000000)
  region size 1024K, 4 young (4096K), 4 survivors (4096K)
 Metaspace       used 19648K, capacity 20202K, committed 20480K, reserved 1067008K
  class space    used 2240K, capacity 2443K, committed 2560K, reserved 1048576K
}

