# JRE version: Java(TM) SE Runtime Environment (12.0.2+10) (build 12.0.2+10)
# Java VM: Java HotSpot(TM) 64-Bit Server VM (12.0.2+10, mixed mode, sharing, tiered, compressed oops, g1 gc, windows-amd64)
Heap:
 garbage-first heap   total 61440K, used 14174K [0x0000000742000000, 0x0000000800000000)
  region size 1024K, 1 young (1024K), 1 survivors (1024K)
 Metaspace       used 10617K, capacity 13152K, committed 13312K, reserved 1060864K
  class space    used 1160K, capacity 1468K, committed 1536K, reserved 1048576K
GC Heap History (10 events):
Event: 0.932 GC heap after
{Heap after GC invocations=19 (full 0):
 garbage-first heap   total 18432K, used 8162K [0x0000000742000000, 0x0000000800000000)
  region size 1024K, 1 young (1024K), 1 survivors (1024K)
 Metaspace       used 8867K, capacity 11464K, committed 11648K, reserved 1058816K
  class space    used 1015K, capacity 1316K, committed 1408K, reserved 1048576K
}
Event: 0.950 GC heap before
{Heap before GC invocations=19 (full 0):
 garbage-first heap   total 18432K, used 11234K [0x0000000742000000, 0x0000000800000000)
  region size 1024K, 4 young (4096K), 1 survivors (1024K)
 Metaspace       used 8875K, capacity 11464K, committed 11648K, reserved 1058816K
  class space    used 1015K, capacity 1316K, committed 1408K, reserved 1048576K
}
Event: 0.952 GC heap after
{Heap after GC invocations=20 (full 0):
 garbage-first heap   total 30720K, used 8676K [0x0000000742000000, 0x0000000800000000)
  region size 1024K, 1 young (1024K), 1 survivors (1024K)
 Metaspace       used 8875K, capacity 11464K, committed 11648K, reserved 1058816K
  class space    used 1015K, capacity 1316K, committed 1408K, reserved 1048576K
}
Event: 0.992 GC heap before
{Heap before GC invocations=20 (full 0):
 garbage-first heap   total 30720K, used 14820K [0x0000000742000000, 0x0000000800000000)
  region size 1024K, 7 young (7168K), 1 survivors (1024K)
 Metaspace       used 8924K, capacity 11482K, committed 11648K, reserved 1058816K
  class space    used 1020K, capacity 1322K, committed 1408K, reserved 1048576K
}
Event: 0.995 GC heap after
{Heap after GC invocations=21 (full 0):
 garbage-first heap   total 30720K, used 9652K [0x0000000742000000, 0x0000000800000000)
  region size 1024K, 1 young (1024K), 1 survivors (1024K)
 Metaspace       used 8924K, capacity 11482K, committed 11648K, reserved 1058816K
  class space    used 1020K, capacity 1322K, committed 1408K, reserved 1048576K
}
Event: 1.171 GC heap before
{Heap before GC invocations=21 (full 0):
 garbage-first heap   total 30720K, used 16820K [0x0000000742000000, 0x0000000800000000)
  region size 1024K, 8 young (8192K), 1 survivors (1024K)
 Metaspace       used 9481K, capacity 12086K, committed 12160K, reserved 1060864K
  class space    used 1073K, capacity 1372K, committed 1408K, reserved 1048576K
}
Event: 1.176 GC heap after
{Heap after GC invocations=22 (full 0):
 garbage-first heap   total 30720K, used 10907K [0x0000000742000000, 0x0000000800000000)
  region size 1024K, 1 young (1024K), 1 survivors (1024K)
 Metaspace       used 9481K, capacity 12086K, committed 12160K, reserved 1060864K
  class space    used 1073K, capacity 1372K, committed 1408K, reserved 1048576K
}
Event: 1.328 GC heap before
{Heap before GC invocations=22 (full 0):
 garbage-first heap   total 30720K, used 19099K [0x0000000742000000, 0x0000000800000000)
  region size 1024K, 8 young (8192K), 1 survivors (1024K)
 Metaspace       used 9928K, capacity 12523K, committed 12800K, reserved 1060864K
  class space    used 1102K, capacity 1431K, committed 1536K, reserved 1048576K
}
Event: 1.334 GC heap after
{Heap after GC invocations=23 (full 0):
 garbage-first heap   total 30720K, used 13088K [0x0000000742000000, 0x0000000800000000)
  region size 1024K, 1 young (1024K), 1 survivors (1024K)
 Metaspace       used 9928K, capacity 12523K, committed 12800K, reserved 1060864K
  class space    used 1102K, capacity 1431K, committed 1536K, reserved 1048576K
}
Event: 1.583 GC heap before
{Heap before GC invocations=23 (full 0):
 garbage-first heap   total 30720K, used 20256K [0x0000000742000000, 0x0000000800000000)
  region size 1024K, 8 young (8192K), 1 survivors (1024K)
 Metaspace       used 10617K, capacity 13152K, committed 13312K, reserved 1060864K
  class space    used 1160K, capacity 1468K, committed 1536K, reserved 1048576K
}

