# JRE version: Java(TM) SE Runtime Environment (12.0.2+10) (build 12.0.2+10)
# Java VM: Java HotSpot(TM) 64-Bit Server VM (12.0.2+10, mixed mode, sharing, tiered, compressed oops, g1 gc, windows-amd64)
Heap:
 garbage-first heap   total 54272K, used 13445K [0x0000000742000000, 0x0000000800000000)
  region size 1024K, 1 young (1024K), 1 survivors (1024K)
 Metaspace       used 10209K, capacity 12787K, committed 13056K, reserved 1060864K
  class space    used 1142K, capacity 1477K, committed 1536K, reserved 1048576K
GC Heap History (10 events):
Event: 0.990 GC heap after
{Heap after GC invocations=19 (full 0):
 garbage-first heap   total 16384K, used 7339K [0x0000000742000000, 0x0000000800000000)
  region size 1024K, 1 young (1024K), 1 survivors (1024K)
 Metaspace       used 8862K, capacity 11464K, committed 11648K, reserved 1058816K
  class space    used 1016K, capacity 1316K, committed 1408K, reserved 1048576K
}
Event: 1.002 GC heap before
{Heap before GC invocations=19 (full 0):
 garbage-first heap   total 16384K, used 9387K [0x0000000742000000, 0x0000000800000000)
  region size 1024K, 3 young (3072K), 1 survivors (1024K)
 Metaspace       used 8865K, capacity 11464K, committed 11648K, reserved 1058816K
  class space    used 1016K, capacity 1316K, committed 1408K, reserved 1048576K
}
Event: 1.005 GC heap after
{Heap after GC invocations=20 (full 0):
 garbage-first heap   total 26624K, used 7986K [0x0000000742000000, 0x0000000800000000)
  region size 1024K, 1 young (1024K), 1 survivors (1024K)
 Metaspace       used 8865K, capacity 11464K, committed 11648K, reserved 1058816K
  class space    used 1016K, capacity 1316K, committed 1408K, reserved 1048576K
}
Event: 1.052 GC heap before
{Heap before GC invocations=20 (full 0):
 garbage-first heap   total 26624K, used 14130K [0x0000000742000000, 0x0000000800000000)
  region size 1024K, 7 young (7168K), 1 survivors (1024K)
 Metaspace       used 8876K, capacity 11464K, committed 11648K, reserved 1058816K
  class space    used 1016K, capacity 1316K, committed 1408K, reserved 1048576K
}
Event: 1.056 GC heap after
{Heap after GC invocations=21 (full 0):
 garbage-first heap   total 26624K, used 8888K [0x0000000742000000, 0x0000000800000000)
  region size 1024K, 1 young (1024K), 1 survivors (1024K)
 Metaspace       used 8876K, capacity 11464K, committed 11648K, reserved 1058816K
  class space    used 1016K, capacity 1316K, committed 1408K, reserved 1048576K
}
Event: 1.157 GC heap before
{Heap before GC invocations=21 (full 0):
 garbage-first heap   total 26624K, used 14008K [0x0000000742000000, 0x0000000800000000)
  region size 1024K, 7 young (7168K), 1 survivors (1024K)
 Metaspace       used 9074K, capacity 11638K, committed 11904K, reserved 1060864K
  class space    used 1034K, capacity 1331K, committed 1408K, reserved 1048576K
}
Event: 1.163 GC heap after
{Heap after GC invocations=22 (full 0):
 garbage-first heap   total 26624K, used 10341K [0x0000000742000000, 0x0000000800000000)
  region size 1024K, 1 young (1024K), 1 survivors (1024K)
 Metaspace       used 9074K, capacity 11638K, committed 11904K, reserved 1060864K
  class space    used 1034K, capacity 1331K, committed 1408K, reserved 1048576K
}
Event: 1.336 GC heap before
{Heap before GC invocations=22 (full 0):
 garbage-first heap   total 26624K, used 17509K [0x0000000742000000, 0x0000000800000000)
  region size 1024K, 7 young (7168K), 1 survivors (1024K)
 Metaspace       used 9499K, capacity 12092K, committed 12160K, reserved 1060864K
  class space    used 1072K, capacity 1375K, committed 1408K, reserved 1048576K
}
Event: 1.342 GC heap after
{Heap after GC invocations=23 (full 0):
 garbage-first heap   total 26624K, used 12482K [0x0000000742000000, 0x0000000800000000)
  region size 1024K, 1 young (1024K), 1 survivors (1024K)
 Metaspace       used 9499K, capacity 12092K, committed 12160K, reserved 1060864K
  class space    used 1072K, capacity 1375K, committed 1408K, reserved 1048576K
}
Event: 1.604 GC heap before
{Heap before GC invocations=23 (full 0):
 garbage-first heap   total 26624K, used 17602K [0x0000000742000000, 0x0000000800000000)
  region size 1024K, 6 young (6144K), 1 survivors (1024K)
 Metaspace       used 10209K, capacity 12787K, committed 13056K, reserved 1060864K
  class space    used 1142K, capacity 1477K, committed 1536K, reserved 1048576K
}

