# JRE version: Java(TM) SE Runtime Environment (12.0.2+10) (build 12.0.2+10)
# Java VM: Java HotSpot(TM) 64-Bit Server VM (12.0.2+10, mixed mode, sharing, tiered, compressed oops, g1 gc, windows-amd64)
Heap:
 garbage-first heap   total 45056K, used 19900K [0x0000000742000000, 0x0000000800000000)
  region size 1024K, 9 young (9216K), 1 survivors (1024K)
 Metaspace       used 10521K, capacity 13111K, committed 13312K, reserved 1060864K
  class space    used 1166K, capacity 1477K, committed 1536K, reserved 1048576K
GC Heap History (10 events):
Event: 1.645 GC heap before
{Heap before GC invocations=18 (full 0):
 garbage-first heap   total 17408K, used 10567K [0x0000000742000000, 0x0000000800000000)
  region size 1024K, 4 young (4096K), 1 survivors (1024K)
 Metaspace       used 8870K, capacity 11469K, committed 11648K, reserved 1058816K
  class space    used 1017K, capacity 1317K, committed 1408K, reserved 1048576K
}
Event: 1.648 GC heap after
{Heap after GC invocations=19 (full 0):
 garbage-first heap   total 25600K, used 7628K [0x0000000742000000, 0x0000000800000000)
  region size 1024K, 1 young (1024K), 1 survivors (1024K)
 Metaspace       used 8870K, capacity 11469K, committed 11648K, reserved 1058816K
  class space    used 1017K, capacity 1317K, committed 1408K, reserved 1048576K
}
Event: 1.693 GC heap before
{Heap before GC invocations=19 (full 0):
 garbage-first heap   total 25600K, used 13772K [0x0000000742000000, 0x0000000800000000)
  region size 1024K, 7 young (7168K), 1 survivors (1024K)
 Metaspace       used 8887K, capacity 11469K, committed 11648K, reserved 1058816K
  class space    used 1017K, capacity 1317K, committed 1408K, reserved 1048576K
}
Event: 1.696 GC heap after
{Heap after GC invocations=20 (full 0):
 garbage-first heap   total 25600K, used 8692K [0x0000000742000000, 0x0000000800000000)
  region size 1024K, 1 young (1024K), 1 survivors (1024K)
 Metaspace       used 8887K, capacity 11469K, committed 11648K, reserved 1058816K
  class space    used 1017K, capacity 1317K, committed 1408K, reserved 1048576K
}
Event: 1.819 GC heap before
{Heap before GC invocations=20 (full 0):
 garbage-first heap   total 25600K, used 13812K [0x0000000742000000, 0x0000000800000000)
  region size 1024K, 6 young (6144K), 1 survivors (1024K)
 Metaspace       used 9055K, capacity 11639K, committed 11904K, reserved 1060864K
  class space    used 1030K, capacity 1331K, committed 1408K, reserved 1048576K
}
Event: 1.824 GC heap after
{Heap after GC invocations=21 (full 0):
 garbage-first heap   total 25600K, used 10072K [0x0000000742000000, 0x0000000800000000)
  region size 1024K, 1 young (1024K), 1 survivors (1024K)
 Metaspace       used 9055K, capacity 11639K, committed 11904K, reserved 1060864K
  class space    used 1030K, capacity 1331K, committed 1408K, reserved 1048576K
}
Event: 2.197 GC heap before
{Heap before GC invocations=21 (full 0):
 garbage-first heap   total 25600K, used 15192K [0x0000000742000000, 0x0000000800000000)
  region size 1024K, 6 young (6144K), 1 survivors (1024K)
 Metaspace       used 9534K, capacity 12161K, committed 12416K, reserved 1060864K
  class space    used 1071K, capacity 1375K, committed 1408K, reserved 1048576K
}
Event: 2.202 GC heap after
{Heap after GC invocations=22 (full 0):
 garbage-first heap   total 25600K, used 10982K [0x0000000742000000, 0x0000000800000000)
  region size 1024K, 1 young (1024K), 1 survivors (1024K)
 Metaspace       used 9534K, capacity 12161K, committed 12416K, reserved 1060864K
  class space    used 1071K, capacity 1375K, committed 1408K, reserved 1048576K
}
Event: 2.429 GC heap before
{Heap before GC invocations=22 (full 0):
 garbage-first heap   total 25600K, used 17126K [0x0000000742000000, 0x0000000800000000)
  region size 1024K, 6 young (6144K), 1 survivors (1024K)
 Metaspace       used 9855K, capacity 12437K, committed 12800K, reserved 1060864K
  class space    used 1098K, capacity 1424K, committed 1536K, reserved 1048576K
}
Event: 2.433 GC heap after
{Heap after GC invocations=23 (full 0):
 garbage-first heap   total 45056K, used 12732K [0x0000000742000000, 0x0000000800000000)
  region size 1024K, 1 young (1024K), 1 survivors (1024K)
 Metaspace       used 9855K, capacity 12437K, committed 12800K, reserved 1060864K
  class space    used 1098K, capacity 1424K, committed 1536K, reserved 1048576K
}

