# JRE version: Java(TM) SE Runtime Environment (12.0.2+10) (build 12.0.2+10)
# Java VM: Java HotSpot(TM) 64-Bit Server VM (12.0.2+10, mixed mode, sharing, tiered, compressed oops, g1 gc, windows-amd64)
Heap:
 garbage-first heap   total 59392K, used 14575K [0x0000000742000000, 0x0000000800000000)
  region size 1024K, 1 young (1024K), 1 survivors (1024K)
 Metaspace       used 10786K, capacity 13337K, committed 13568K, reserved 1060864K
  class space    used 1195K, capacity 1511K, committed 1536K, reserved 1048576K
GC Heap History (10 events):
Event: 1.008 GC heap after
{Heap after GC invocations=19 (full 0):
 garbage-first heap   total 17408K, used 7691K [0x0000000742000000, 0x0000000800000000)
  region size 1024K, 1 young (1024K), 1 survivors (1024K)
 Metaspace       used 8870K, capacity 11464K, committed 11648K, reserved 1058816K
  class space    used 1016K, capacity 1316K, committed 1408K, reserved 1048576K
}
Event: 1.036 GC heap before
{Heap before GC invocations=19 (full 0):
 garbage-first heap   total 17408K, used 10763K [0x0000000742000000, 0x0000000800000000)
  region size 1024K, 4 young (4096K), 1 survivors (1024K)
 Metaspace       used 8878K, capacity 11464K, committed 11648K, reserved 1058816K
  class space    used 1016K, capacity 1316K, committed 1408K, reserved 1048576K
}
Event: 1.040 GC heap after
{Heap after GC invocations=20 (full 0):
 garbage-first heap   total 29696K, used 8320K [0x0000000742000000, 0x0000000800000000)
  region size 1024K, 1 young (1024K), 1 survivors (1024K)
 Metaspace       used 8878K, capacity 11464K, committed 11648K, reserved 1058816K
  class space    used 1016K, capacity 1316K, committed 1408K, reserved 1048576K
}
Event: 1.103 GC heap before
{Heap before GC invocations=20 (full 0):
 garbage-first heap   total 29696K, used 14464K [0x0000000742000000, 0x0000000800000000)
  region size 1024K, 8 young (8192K), 1 survivors (1024K)
 Metaspace       used 8934K, capacity 11483K, committed 11648K, reserved 1058816K
  class space    used 1021K, capacity 1322K, committed 1408K, reserved 1048576K
}
Event: 1.107 GC heap after
{Heap after GC invocations=21 (full 0):
 garbage-first heap   total 29696K, used 9831K [0x0000000742000000, 0x0000000800000000)
  region size 1024K, 1 young (1024K), 1 survivors (1024K)
 Metaspace       used 8934K, capacity 11483K, committed 11648K, reserved 1058816K
  class space    used 1021K, capacity 1322K, committed 1408K, reserved 1048576K
}
Event: 1.317 GC heap before
{Heap before GC invocations=21 (full 0):
 garbage-first heap   total 29696K, used 16999K [0x0000000742000000, 0x0000000800000000)
  region size 1024K, 8 young (8192K), 1 survivors (1024K)
 Metaspace       used 9468K, capacity 12095K, committed 12160K, reserved 1060864K
  class space    used 1072K, capacity 1375K, committed 1408K, reserved 1048576K
}
Event: 1.323 GC heap after
{Heap after GC invocations=22 (full 0):
 garbage-first heap   total 29696K, used 11397K [0x0000000742000000, 0x0000000800000000)
  region size 1024K, 1 young (1024K), 1 survivors (1024K)
 Metaspace       used 9468K, capacity 12095K, committed 12160K, reserved 1060864K
  class space    used 1072K, capacity 1375K, committed 1408K, reserved 1048576K
}
Event: 1.624 GC heap before
{Heap before GC invocations=22 (full 0):
 garbage-first heap   total 29696K, used 19589K [0x0000000742000000, 0x0000000800000000)
  region size 1024K, 8 young (8192K), 1 survivors (1024K)
 Metaspace       used 10151K, capacity 12723K, committed 12800K, reserved 1060864K
  class space    used 1142K, capacity 1477K, committed 1536K, reserved 1048576K
}
Event: 1.631 GC heap after
{Heap after GC invocations=23 (full 0):
 garbage-first heap   total 29696K, used 13536K [0x0000000742000000, 0x0000000800000000)
  region size 1024K, 1 young (1024K), 1 survivors (1024K)
 Metaspace       used 10151K, capacity 12723K, committed 12800K, reserved 1060864K
  class space    used 1142K, capacity 1477K, committed 1536K, reserved 1048576K
}
Event: 1.865 GC heap before
{Heap before GC invocations=23 (full 0):
 garbage-first heap   total 29696K, used 19680K [0x0000000742000000, 0x0000000800000000)
  region size 1024K, 7 young (7168K), 1 survivors (1024K)
 Metaspace       used 10786K, capacity 13337K, committed 13568K, reserved 1060864K
  class space    used 1195K, capacity 1511K, committed 1536K, reserved 1048576K
}

