# JRE version: Java(TM) SE Runtime Environment (12.0.2+10) (build 12.0.2+10)
# Java VM: Java HotSpot(TM) 64-Bit Server VM (12.0.2+10, mixed mode, sharing, tiered, compressed oops, g1 gc, windows-amd64)
Heap:
 garbage-first heap   total 44032K, used 16012K [0x0000000742000000, 0x0000000800000000)
  region size 1024K, 5 young (5120K), 2 survivors (2048K)
 Metaspace       used 10658K, capacity 13209K, committed 13312K, reserved 1060864K
  class space    used 1187K, capacity 1511K, committed 1536K, reserved 1048576K
GC Heap History (10 events):
Event: 1.792 GC heap before
{Heap before GC invocations=19 (full 0):
 garbage-first heap   total 25600K, used 13414K [0x0000000742000000, 0x0000000800000000)
  region size 1024K, 6 young (6144K), 1 survivors (1024K)
 Metaspace       used 8933K, capacity 11547K, committed 11648K, reserved 1058816K
  class space    used 1021K, capacity 1322K, committed 1408K, reserved 1048576K
}
Event: 1.796 GC heap after
{Heap after GC invocations=20 (full 0):
 garbage-first heap   total 25600K, used 9331K [0x0000000742000000, 0x0000000800000000)
  region size 1024K, 1 young (1024K), 1 survivors (1024K)
 Metaspace       used 8933K, capacity 11547K, committed 11648K, reserved 1058816K
  class space    used 1021K, capacity 1322K, committed 1408K, reserved 1048576K
}
Event: 1.949 GC heap before
{Heap before GC invocations=20 (full 0):
 garbage-first heap   total 25600K, used 13427K [0x0000000742000000, 0x0000000800000000)
  region size 1024K, 6 young (6144K), 1 survivors (1024K)
 Metaspace       used 9085K, capacity 11639K, committed 11904K, reserved 1060864K
  class space    used 1034K, capacity 1331K, committed 1408K, reserved 1048576K
}
Event: 1.954 GC heap after
{Heap after GC invocations=21 (full 0):
 garbage-first heap   total 25600K, used 10556K [0x0000000742000000, 0x0000000800000000)
  region size 1024K, 1 young (1024K), 1 survivors (1024K)
 Metaspace       used 9085K, capacity 11639K, committed 11904K, reserved 1060864K
  class space    used 1034K, capacity 1331K, committed 1408K, reserved 1048576K
}
Event: 2.228 GC heap before
{Heap before GC invocations=21 (full 0):
 garbage-first heap   total 25600K, used 15676K [0x0000000742000000, 0x0000000800000000)
  region size 1024K, 6 young (6144K), 1 survivors (1024K)
 Metaspace       used 9515K, capacity 12094K, committed 12160K, reserved 1060864K
  class space    used 1072K, capacity 1375K, committed 1408K, reserved 1048576K
}
Event: 2.233 GC heap after
{Heap after GC invocations=22 (full 0):
 garbage-first heap   total 25600K, used 11606K [0x0000000742000000, 0x0000000800000000)
  region size 1024K, 1 young (1024K), 1 survivors (1024K)
 Metaspace       used 9515K, capacity 12094K, committed 12160K, reserved 1060864K
  class space    used 1072K, capacity 1375K, committed 1408K, reserved 1048576K
}
Event: 2.233 GC heap before
{Heap before GC invocations=22 (full 0):
 garbage-first heap   total 25600K, used 11606K [0x0000000742000000, 0x0000000800000000)
  region size 1024K, 2 young (2048K), 1 survivors (1024K)
 Metaspace       used 9515K, capacity 12094K, committed 12160K, reserved 1060864K
  class space    used 1072K, capacity 1375K, committed 1408K, reserved 1048576K
}
Event: 2.236 GC heap after
{Heap after GC invocations=23 (full 0):
 garbage-first heap   total 44032K, used 11721K [0x0000000742000000, 0x0000000800000000)
  region size 1024K, 1 young (1024K), 1 survivors (1024K)
 Metaspace       used 9515K, capacity 12094K, committed 12160K, reserved 1060864K
  class space    used 1072K, capacity 1375K, committed 1408K, reserved 1048576K
}
Event: 2.756 GC heap before
{Heap before GC invocations=24 (full 0):
 garbage-first heap   total 44032K, used 21961K [0x0000000742000000, 0x0000000800000000)
  region size 1024K, 10 young (10240K), 1 survivors (1024K)
 Metaspace       used 10432K, capacity 12982K, committed 13056K, reserved 1060864K
  class space    used 1163K, capacity 1478K, committed 1536K, reserved 1048576K
}
Event: 2.761 GC heap after
{Heap after GC invocations=25 (full 0):
 garbage-first heap   total 44032K, used 13964K [0x0000000742000000, 0x0000000800000000)
  region size 1024K, 2 young (2048K), 2 survivors (2048K)
 Metaspace       used 10432K, capacity 12982K, committed 13056K, reserved 1060864K
  class space    used 1163K, capacity 1478K, committed 1536K, reserved 1048576K
}

