# JRE version: Java(TM) SE Runtime Environment (12.0.2+10) (build 12.0.2+10)
# Java VM: Java HotSpot(TM) 64-Bit Server VM (12.0.2+10, mixed mode, sharing, tiered, compressed oops, g1 gc, windows-amd64)
Heap:
 garbage-first heap   total 55296K, used 13644K [0x0000000742000000, 0x0000000800000000)
  region size 1024K, 2 young (2048K), 1 survivors (1024K)
 Metaspace       used 10384K, capacity 12929K, committed 13056K, reserved 1060864K
  class space    used 1141K, capacity 1458K, committed 1536K, reserved 1048576K
GC Heap History (10 events):
Event: 1.023 GC heap before
{Heap before GC invocations=18 (full 0):
 garbage-first heap   total 18432K, used 11616K [0x0000000742000000, 0x0000000800000000)
  region size 1024K, 4 young (4096K), 1 survivors (1024K)
 Metaspace       used 8921K, capacity 11465K, committed 11648K, reserved 1058816K
  class space    used 1017K, capacity 1316K, committed 1408K, reserved 1048576K
}
Event: 1.025 GC heap after
{Heap after GC invocations=19 (full 0):
 garbage-first heap   total 27648K, used 9164K [0x0000000742000000, 0x0000000800000000)
  region size 1024K, 1 young (1024K), 1 survivors (1024K)
 Metaspace       used 8921K, capacity 11465K, committed 11648K, reserved 1058816K
  class space    used 1017K, capacity 1316K, committed 1408K, reserved 1048576K
}
Event: 1.048 GC heap before
{Heap before GC invocations=19 (full 0):
 garbage-first heap   total 27648K, used 14284K [0x0000000742000000, 0x0000000800000000)
  region size 1024K, 6 young (6144K), 1 survivors (1024K)
 Metaspace       used 8926K, capacity 11465K, committed 11648K, reserved 1058816K
  class space    used 1017K, capacity 1316K, committed 1408K, reserved 1048576K
}
Event: 1.051 GC heap after
{Heap after GC invocations=20 (full 0):
 garbage-first heap   total 27648K, used 9918K [0x0000000742000000, 0x0000000800000000)
  region size 1024K, 1 young (1024K), 1 survivors (1024K)
 Metaspace       used 8926K, capacity 11465K, committed 11648K, reserved 1058816K
  class space    used 1017K, capacity 1316K, committed 1408K, reserved 1048576K
}
Event: 1.133 GC heap before
{Heap before GC invocations=20 (full 0):
 garbage-first heap   total 27648K, used 16062K [0x0000000742000000, 0x0000000800000000)
  region size 1024K, 7 young (7168K), 1 survivors (1024K)
 Metaspace       used 9358K, capacity 11956K, committed 12160K, reserved 1060864K
  class space    used 1063K, capacity 1371K, committed 1408K, reserved 1048576K
}
Event: 1.138 GC heap after
{Heap after GC invocations=21 (full 0):
 garbage-first heap   total 27648K, used 11050K [0x0000000742000000, 0x0000000800000000)
  region size 1024K, 1 young (1024K), 1 survivors (1024K)
 Metaspace       used 9358K, capacity 11956K, committed 12160K, reserved 1060864K
  class space    used 1063K, capacity 1371K, committed 1408K, reserved 1048576K
}
Event: 1.338 GC heap before
{Heap before GC invocations=21 (full 0):
 garbage-first heap   total 27648K, used 18218K [0x0000000742000000, 0x0000000800000000)
  region size 1024K, 7 young (7168K), 1 survivors (1024K)
 Metaspace       used 9766K, capacity 12358K, committed 12544K, reserved 1060864K
  class space    used 1089K, capacity 1419K, committed 1536K, reserved 1048576K
}
Event: 1.343 GC heap after
{Heap after GC invocations=22 (full 0):
 garbage-first heap   total 27648K, used 12879K [0x0000000742000000, 0x0000000800000000)
  region size 1024K, 1 young (1024K), 1 survivors (1024K)
 Metaspace       used 9766K, capacity 12358K, committed 12544K, reserved 1060864K
  class space    used 1089K, capacity 1419K, committed 1536K, reserved 1048576K
}
Event: 1.540 GC heap before
{Heap before GC invocations=22 (full 0):
 garbage-first heap   total 27648K, used 17999K [0x0000000742000000, 0x0000000800000000)
  region size 1024K, 6 young (6144K), 1 survivors (1024K)
 Metaspace       used 10185K, capacity 12766K, committed 13056K, reserved 1060864K
  class space    used 1116K, capacity 1425K, committed 1536K, reserved 1048576K
}
Event: 1.545 GC heap after
{Heap after GC invocations=23 (full 0):
 garbage-first heap   total 55296K, used 13644K [0x0000000742000000, 0x0000000800000000)
  region size 1024K, 1 young (1024K), 1 survivors (1024K)
 Metaspace       used 10185K, capacity 12766K, committed 13056K, reserved 1060864K
  class space    used 1116K, capacity 1425K, committed 1536K, reserved 1048576K
}

